<?xml version="1.0" encoding="UTF-8"?>
<testsuite name="testMain.WhenDoTest" tests="3" skipped="0" failures="0" errors="0" timestamp="2022-10-15T23:02:44" hostname="DESKTOP-URGKKC5" time="73.855">
  <properties/>
  <testcase name="verifyUpdateForm()" classname="testMain.WhenDoTest" time="22.482"/>
  <testcase name="deleteItem()" classname="testMain.WhenDoTest" time="35.939"/>
  <testcase name="verifyCreateNewNote()" classname="testMain.WhenDoTest" time="15.426"/>
  <system-out><![CDATA[]]></system-out>
  <system-err><![CDATA[SLF4J: Failed to load class "org.slf4j.impl.StaticLoggerBinder".
SLF4J: Defaulting to no-operation (NOP) logger implementation
SLF4J: See http://www.slf4j.org/codes.html#StaticLoggerBinder for further details.
]]></system-err>
</testsuite>
