<?xml version="1.0" encoding="UTF-8"?>
<testsuite name="cleanTest.CreateNoteWhenDoTest" tests="1" skipped="0" failures="0" errors="0" timestamp="2022-10-14T01:05:25" hostname="DESKTOP-URGKKC5" time="24.172">
  <properties/>
  <testcase name="verifyCreateNewNote()" classname="cleanTest.CreateNoteWhenDoTest" time="24.172"/>
  <system-out><![CDATA[]]></system-out>
  <system-err><![CDATA[SLF4J: Failed to load class "org.slf4j.impl.StaticLoggerBinder".
SLF4J: Defaulting to no-operation (NOP) logger implementation
SLF4J: See http://www.slf4j.org/codes.html#StaticLoggerBinder for further details.
]]></system-err>
</testsuite>
